-1570.30755606
-1571.42646157
-1571.45949127
-1572.14225719
-1572.44954379
-1572.73074529
-1572.76140174
-1572.88659886
-1572.89392520
-1573.02021377
-1573.05366562
-1573.05952380
-1573.15741141
-1573.17638011
-1573.24299041
-1573.24976044
-1573.25481013
-1573.29809406
-1573.30271903
-1573.33459108
-1573.34400247
-1573.37318291
-1573.40686126
-1573.43649660
-1573.44507290
-1573.47888797
-1573.49364357
-1573.52215977
-1573.54068747
-1573.56312320
-1573.56679922
-1573.58244923
-1573.59404912
-1573.61811089
-1573.62180518
-1573.63888175
-1573.64509866
-1573.66696163
-1573.67817730
-1573.69809020
-1573.70238366
-1573.72080082
-1573.72503613
-1573.74044826
-1573.74258063
-1573.75885900
-1573.76445517
-1573.77754627
-1573.77828639
-1573.79113173
-1573.79239131
-1573.80498932
-1573.80726807
-1573.81778250
-1573.82271412
-1573.83487116
-1573.83915960
-1573.84936917
-1573.85111422
-1573.86060295
-1573.86196523
-1573.87191951
-1573.87526070
-1573.88338441
-1573.88677887
-1573.89657801
-1573.90009233
-1573.91005833
-1573.91272010
-1573.92193252
-1573.92489953
-1573.93523144
-1573.93937670
-1573.94920541
-1573.95346007
-1573.96484866
-1573.96819057
-1573.97876032
-1573.98104984
-1573.99254759
-1573.99696404
-1574.00798219
-1574.01154684
-1574.02193226
-1574.02431414
-1574.03406366
-1574.03780677
-1574.04608584
-1574.05600215
-1574.06684664
-1574.07140597
-1574.08179765
-1574.08655843
-1574.09659356
-1574.10627291
-1574.12055360
-1574.12673606
-1574.14203416
-1574.14581138
-1574.16130378
-1574.16852992
-1574.18244162
-1574.19777463
-1574.21457653
-1574.22119516
-1574.23600976
-1574.25290283
-1574.27463337
-1574.28634789
-1574.28747523
-1574.30692761
-1574.31883647
-1574.33964676
-1574.35392430
-1574.37130776
-1574.39296790
-1574.41697151
-1574.43449039
-1574.46510535
-1574.47788138
-1574.50938590
-1574.51427263
-1574.54215694
-1574.54704825
-1574.57144716
-1574.60624304
-1574.64494169
-1574.65346858
-1574.68579698
-1574.70197357
-1574.73865903
-1574.74878912
-1574.78165254
-1574.79131472
-1574.83350878
-1574.84159982
-1574.88074130
-1574.88817857
-1574.93081345
-1574.93611142
-1574.97492123
-1574.97891835
-1575.01211159
-1575.01622393
-1575.04360631
-1575.04738677
-1575.07425525
-1575.07864589
-1575.09703816
-1575.11911462
-1575.14478379
-1575.15530654
-1575.17894341
-1575.18150081
-1575.18574060
-1575.20873511
-1575.21226690
-1575.23587326
-1575.23812229
-1575.24033367
-1575.26543990
-1575.26975438
-1575.28869144
-1575.30331189
-1575.32304706
-1575.33768543
-1575.35822948
-1575.36843333
-1575.38764148
-1575.39279672
-1575.41193177
-1575.42320276
-1575.44194338
-1575.46737357
-1575.49276318
-1575.50119461
-1575.52260967
-1575.52742712
-1575.54506584
-1575.54542964
-1575.54755367
-1575.56455001
-1575.56549258
-1575.56650902
-1575.58384295
-1575.58982980
-1575.60806948
-1575.61285657
-1575.62916287
-1575.63761543
-1575.65586624
-1575.66976181
-1575.68929155
-1575.69967819
-1575.72287315
-1575.72809204
-1575.74800849
-1575.74887020
-1575.74995228
-1575.76530727
-1575.76824235
-1575.78373115
-1575.78518395
-1575.79762284
-1575.80173476
-1575.81423977
-1575.81954789
-1575.83081867
-1575.83188191
-1575.84368474
-1575.84648830
-1575.85573637
-1575.86080421
-1575.87059992
-1575.87275787
-1575.88155429
-1575.88459465
-1575.89418501
-1575.89755142
-1575.90825135
-1575.91104169
-1575.92110629
-1575.92470524
-1575.93523541
-1575.93936426
-1575.95069937
-1575.95130631
-1575.95228413
-1575.96293332
-1575.96514923
-1575.97435493
-1575.97629141
-1575.98451100
-1575.98504640
-1575.99379741
-1575.99485590
-1576.00216129
-1576.00422187
-1576.01236113
-1576.01386555
-1576.02156407
-1576.02240713
-1576.02925259
-1576.03341480
-1576.04130781
-1576.04317705
-1576.04967499
-1576.04980403
-1576.05610330
-1576.05776270
-1576.06309717
-1576.06612123
-1576.07220134
-1576.07342076
-1576.07823997
-1576.07894443
-1576.08391488
-1576.08497461
-1576.08943540
-1576.09148527
-1576.09646128
-1576.09914071
-1576.10391161
-1576.10493748
-1576.10970837
-1576.11042985
-1576.11514895
-1576.11611144
-1576.12026818
-1576.12122723
-1576.12579390
-1576.12726980
-1576.13150610
-1576.13186967
-1576.13567577
-1576.13640778
-1576.13976198
-1576.14059687
-1576.14358750
-1576.14413864
-1576.14669352
-1576.14702611
-1576.14989179
-1576.15158796
-1576.15425383
-1576.15530075
-1576.15826596
