-1569.31908716
-1570.84047158
-1570.94058956
-1571.80942573
-1572.26694136
-1572.62220445
-1572.66528210
-1572.80965202
-1572.81717669
-1572.94192038
-1572.97804883
-1573.04669239
-1573.10800129
-1573.18273382
-1573.19510887
-1573.23573827
-1573.26786649
-1573.31066770
-1573.33284203
-1573.36865447
-1573.37389165
-1573.37627590
-1573.40988288
-1573.43417749
-1573.46520507
-1573.47389575
-1573.49851548
-1573.50140369
-1573.52140993
-1573.53819381
-1573.56605943
-1573.56774431
-1573.59011484
-1573.59608526
-1573.62111116
-1573.63189625
-1573.65188300
-1573.65636474
-1573.67744151
-1573.68500096
-1573.70286254
-1573.71132659
-1573.73305642
-1573.74164987
-1573.75919441
-1573.76577536
-1573.78577423
-1573.79195367
-1573.80864865
-1573.81750563
-1573.83696896
-1573.84964487
-1573.86801763
-1573.87030010
-1573.88601191
-1573.88799696
-1573.90410797
-1573.90745570
-1573.92389844
-1573.92987649
-1573.94620761
-1573.95454469
-1573.97317571
-1573.97663440
-1573.99554558
-1574.00445027
-1574.01905781
-1574.03234596
-1574.05109271
-1574.06482038
-1574.08698997
-1574.09625123
-1574.11845039
-1574.13112406
-1574.15600435
-1574.16265671
-1574.18805213
-1574.19717845
-1574.21767509
-1574.22584517
-1574.24521308
-1574.25611488
-1574.27507007
-1574.29190948
-1574.31108783
-1574.32437934
-1574.34314887
-1574.35566576
-1574.37703336
-1574.39601752
-1574.42388470
-1574.43625018
-1574.46296100
-1574.47935326
-1574.51273994
-1574.52822421
-1574.56224141
-1574.58491353
-1574.61760365
-1574.62172635
-1574.65348390
-1574.65958758
-1574.68902259
-1574.69311597
-1574.72277857
-1574.72638941
-1574.75682648
-1574.77965545
-1574.80611380
-1574.81542190
-1574.84304908
-1574.85376962
-1574.87983191
-1574.88967595
-1574.91328816
-1574.92554438
-1574.95657349
-1574.97302347
-1575.00463616
-1575.01444860
-1575.04424728
-1575.06500493
-1575.09440517
-1575.09898659
-1575.12213443
-1575.12480959
-1575.12848696
-1575.14697725
-1575.17376562
-1575.19944305
-1575.20524664
-1575.20688807
-1575.22798774
-1575.23606572
-1575.26057293
-1575.26809818
-1575.29251864
-1575.29785884
-1575.31961142
-1575.33073816
-1575.35899431
-1575.36726493
-1575.39390667
-1575.40221136
-1575.42250455
-1575.42242247
-1575.42537828
-1575.44739971
-1575.44957767
-1575.46978325
-1575.47115785
-1575.48623978
-1575.49464469
-1575.51764148
-1575.52189240
-1575.53692061
-1575.54048827
-1575.55915271
-1575.56599398
-1575.58233475
-1575.58788042
-1575.60013085
-1575.60594143
-1575.62166535
-1575.63484195
-1575.64760874
-1575.65904813
-1575.67531393
-1575.68626287
-1575.70275513
-1575.71458307
-1575.73129348
-1575.73639198
-1575.75166863
-1575.75661862
-1575.77115186
-1575.77242167
-1575.78326404
-1575.78834250
-1575.80356133
-1575.80696419
-1575.82237557
-1575.82947932
-1575.84418470
-1575.84577540
-1575.84669191
-1575.86450047
-1575.86842154
-1575.88530710
-1575.88810553
-1575.90546788
-1575.91140599
-1575.92699644
-1575.93402150
-1575.94952560
-1575.95482323
-1575.97165003
-1575.97259186
-1575.97316150
-1575.98620090
-1575.98640979
-1575.98712841
-1576.00064111
-1576.00079554
-1576.00182018
-1576.01585573
-1576.01933198
-1576.03227652
-1576.03539985
-1576.05015384
-1576.05339300
-1576.06880026
-1576.07125124
-1576.08292196
-1576.08727209
-1576.10051809
-1576.10371754
-1576.11964767
-1576.12376388
-1576.13745485
-1576.13837786
-1576.14718292
-1576.14836734
-1576.15867995
-1576.16033776
-1576.16863650
-1576.17040088
-1576.17752570
-1576.17774617
-1576.18452126
-1576.18529682
-1576.19221285
-1576.19347090
-1576.20013519
-1576.20234426
-1576.20938091
-1576.21039170
-1576.21706042
-1576.21799110
-1576.22414080
-1576.22510391
-1576.23109319
-1576.23163494
-1576.23721443
-1576.23792012
-1576.24352807
-1576.24383152
-1576.24747111
-1576.24756243
-1576.25083779
-1576.25113197
-1576.25491604
-1576.25688649
-1576.25972847
-1576.26119028
-1576.26421536
-1576.26614289
-1576.26945850
-1576.27120349
-1576.27404250
-1576.27504949
-1576.27773269
-1576.27871663
-1576.28120765
-1576.28241105
-1576.28503030
-1576.28635784
-1576.28917820
-1576.28964698
-1576.29178594
-1576.29235077
-1576.29457052
-1576.29518699
-1576.29748091
-1576.29805266
-1576.30057908
-1576.30095106
-1576.30338899
-1576.30417598
-1576.30697149
-1576.30795548
-1576.31033706
-1576.31046701
-1576.31285066
-1576.31358121
-1576.31523417
-1576.31690924
-1576.31697356
-1576.31904291
-1576.31973247
-1576.32162421
-1576.32244213
-1576.32425978
-1576.32454274
-1576.32587112
-1576.32598055
-1576.32753214
-1576.32787296
-1576.32917770
