-1568.28210811
-1571.08695953
-1571.08666603
-1571.10689445
-1571.66205162
-1571.96691501
-1571.97013340
-1572.20892725
-1572.36551244
-1572.50844714
-1572.56016221
-1572.61459924
-1572.64343590
-1572.68541031
-1572.69949508
-1572.73320769
-1572.74341479
-1572.76847820
-1572.78441130
-1572.80273866
-1572.80983844
-1572.82481993
-1572.83993456
-1572.85350248
-1572.87590998
-1572.87736378
-1572.89401746
-1572.90713674
-1572.92644422
-1572.95042973
-1572.97668034
-1572.98202859
-1573.00699312
-1573.02611375
-1573.05058946
-1573.05611144
-1573.08066474
-1573.08532242
-1573.10889729
-1573.12188327
-1573.14385025
-1573.15003381
-1573.16562259
-1573.16776509
-1573.18383243
-1573.18927189
-1573.20626546
-1573.21376698
-1573.23197573
-1573.23876006
-1573.25697123
-1573.25966021
-1573.27547321
-1573.27606686
-1573.29008819
-1573.29522276
-1573.31045295
-1573.31263525
-1573.32821276
-1573.33161928
-1573.34554458
-1573.34704182
-1573.35995909
-1573.36851758
-1573.38044793
-1573.39411916
-1573.40966516
-1573.41665526
-1573.43101581
-1573.44220221
-1573.45592914
-1573.46239016
-1573.47357041
-1573.48062915
-1573.49331398
-1573.49974104
-1573.51255466
-1573.52505440
-1573.53883833
-1573.54563717
-1573.55978180
-1573.56689647
-1573.58158665
-1573.58967543
-1573.60738801
-1573.61886104
-1573.63442862
-1573.64767968
-1573.66708482
-1573.67968424
-1573.69499921
-1573.70896214
-1573.73233346
-1573.74503645
-1573.76487764
-1573.77149196
-1573.80173293
-1573.80151649
-1573.80925738
-1573.83835823
-1573.84401315
-1573.87629168
-1573.88849280
-1573.91134849
-1573.94628391
-1573.96998074
-1573.98417789
-1574.00237856
-1574.01552640
-1574.03530876
-1574.04933742
-1574.07231521
-1574.08031547
-1574.10090537
-1574.11123819
-1574.13367915
-1574.15112883
-1574.17926180
-1574.18770399
-1574.21373401
-1574.21968638
-1574.24916625
-1574.25697385
-1574.28092156
-1574.28203897
-1574.30789178
-1574.31249775
-1574.33318411
-1574.34271897
-1574.36955537
-1574.38211240
-1574.41299489
-1574.41541146
-1574.45099603
-1574.45907784
-1574.49276316
-1574.49575874
-1574.52345227
-1574.52543305
-1574.54928223
-1574.55364012
-1574.57377474
-1574.58482713
-1574.61012560
-1574.62241705
-1574.65178851
-1574.66012889
-1574.69435868
-1574.69950292
-1574.70087808
-1574.73085035
-1574.73233453
-1574.76013651
-1574.76315663
-1574.78880094
-1574.79657349
-1574.82381758
-1574.82933705
-1574.85495141
-1574.86860025
-1574.89535259
-1574.90241744
-1574.92821174
-1574.93121897
-1574.95283957
-1574.95635023
-1574.97328555
-1574.97872495
-1574.99296799
-1575.00237564
-1575.02125118
-1575.02517141
-1575.04348370
-1575.04729718
-1575.06694755
-1575.07418819
-1575.09628408
-1575.09665244
-1575.11324292
-1575.11373341
-1575.13015298
-1575.13083720
-1575.14778118
-1575.14795821
-1575.16381686
-1575.16428972
-1575.18007277
-1575.18107512
-1575.19794108
-1575.19860042
-1575.19943017
-1575.21524680
-1575.21432312
-1575.21699709
-1575.23477155
-1575.23867371
-1575.25437495
-1575.25765619
-1575.27328536
-1575.27332035
-1575.28858001
-1575.29307495
-1575.30825777
-1575.30830100
-1575.32198821
-1575.32273222
-1575.33921581
-1575.34014311
-1575.35358734
-1575.35383048
-1575.36568360
-1575.36578728
-1575.36684131
-1575.37744687
-1575.38054056
-1575.39221633
-1575.39976768
-1575.41002321
-1575.41788452
-1575.43068511
-1575.43523021
-1575.44865621
-1575.45270603
-1575.46616870
-1575.46712414
-1575.47635730
-1575.47728868
-1575.48778271
-1575.49018350
-1575.49977478
-1575.50311795
-1575.51283331
-1575.51481647
-1575.52430673
-1575.52778137
-1575.53783996
-1575.54349578
-1575.55218279
-1575.55346738
-1575.56231101
-1575.56474735
-1575.56985150
-1575.57575550
-1575.58282977
-1575.58720927
-1575.59339566
-1575.59604236
-1575.60167021
-1575.60439912
-1575.60903653
-1575.61077617
-1575.61572871
-1575.61919968
-1575.62395871
-1575.62897119
-1575.63471990
-1575.63636659
-1575.64181056
-1575.64367206
-1575.64843218
-1575.65101097
-1575.65622628
-1575.65764875
-1575.66327179
-1575.66524597
-1575.67019528
-1575.67407801
-1575.67958676
-1575.68188932
-1575.68748180
-1575.68878034
-1575.69373485
-1575.69506226
-1575.70044507
-1575.70240534
-1575.70764689
-1575.70877243
-1575.71393296
-1575.71488404
-1575.72049416
-1575.72163207
-1575.72717552
-1575.72801907
-1575.73320037
-1575.73717367
-1575.74237016
-1575.74811632
-1575.75544985
-1575.75716162
-1575.76295552
-1575.76502296
-1575.76974754
-1575.77162178
-1575.77734200
-1575.77877364
-1575.78345127
-1575.78412455
-1575.78778708
-1575.78851939
-1575.79203324
-1575.79411797
-1575.79795115
-1575.79949443
-1575.80372117
-1575.80465776
-1575.80922550
-1575.81035462
-1575.81438069
-1575.81523557
-1575.81936535
-1575.81968164
-1575.82399630
-1575.82515178
-1575.82931224
-1575.82963567
-1575.83432489
-1575.83474989
-1575.83915887
-1575.84132936
-1575.84565750
-1575.84618129
-1575.85086752
-1575.85145649
-1575.85597571
-1575.85846099
-1575.86227998
-1575.86564248
-1575.86989633
-1575.87182619
-1575.87564456
-1575.87687356
-1575.88045150
-1575.88258245
-1575.88736445
-1575.88830213
-1575.89339710
-1575.89467935
-1575.89941559
-1575.90092960
-1575.90631367
-1575.90773176
-1575.91302359
-1575.91407402
-1575.92013110
-1575.92133649
-1575.92733615
-1575.92769329
-1575.93259372
-1575.93376035
-1575.93852817
-1575.94327232
-1575.95085672
-1575.95280787
-1575.95753586
-1575.95885149
-1575.96233767
-1575.96297433
-1575.96708760
-1575.96796703
-1575.97166381
-1575.97377762
-1575.97755351
-1575.97838090
-1575.98270940
-1575.98358247
-1575.98756380
-1575.98857902
-1575.99269408
-1575.99384290
-1575.99840738
-1575.99907132
-1576.00309988
-1576.00388401
-1576.00750856
-1576.00839918
-1576.01185540
-1576.01273351
-1576.01668577
-1576.01714657
-1576.02074950
-1576.02096981
-1576.02460993
-1576.02506451
-1576.02866591
-1576.02961538
-1576.03318938
-1576.03351254
-1576.03643430
-1576.03684228
-1576.03968730
-1576.04105275
-1576.04420747
-1576.04505205
-1576.04868046
-1576.04973613
-1576.05349227
-1576.05405874
-1576.05775674
-1576.05817097
-1576.06145959
-1576.06171174
-1576.06515787
-1576.06528841
-1576.06884749
-1576.06917456
-1576.07264325
-1576.07284314
-1576.07646555
-1576.07662415
-1576.08070416
-1576.08094579
-1576.08400511
-1576.08423776
-1576.08751457
-1576.08771022
-1576.09091462
-1576.09231666
-1576.09503809
-1576.09610695
-1576.09919323
-1576.10039715
-1576.10340857
-1576.10408530
-1576.10674877
-1576.10723373
-1576.10975130
-1576.11027238
-1576.11279342
-1576.11322613
-1576.11573500
-1576.11645292
-1576.11901834
-1576.12001376
-1576.12276113
-1576.12325635
-1576.12620609
-1576.12701583
-1576.13012292
-1576.13095787
-1576.13447353
-1576.13583464
-1576.13956997
-1576.14050302
-1576.14405897
-1576.14494398
-1576.14868365
-1576.14974027
-1576.15344219
-1576.15482890
-1576.15870918
-1576.16153207
-1576.16497321
-1576.16925341
-1576.17395781
-1576.17661292
-1576.18065922
-1576.18208411
-1576.18558581
-1576.18663580
-1576.19011999
-1576.19234049
-1576.19628505
-1576.19711665
-1576.20029480
-1576.20102576
-1576.20411232
-1576.20534872
-1576.20816651
-1576.20927114
-1576.21151471
-1576.21214760
-1576.21415185
