-1568.44473960
-1571.08177473
-1571.08484908
-1571.17124344
-1571.70342757
-1571.98934214
-1571.98930771
-1572.24563402
-1572.37295372
-1572.51179104
-1572.57841502
-1572.57984178
-1572.63086148
-1572.65432578
-1572.68841765
-1572.70480688
-1572.73441039
-1572.75332693
-1572.77499004
-1572.79008267
-1572.80844069
-1572.81663483
-1572.83150880
-1572.84528959
-1572.85926610
-1572.88057056
-1572.90175040
-1572.91137500
-1572.93003894
-1572.95539181
-1572.97972282
-1572.98900979
-1573.00945478
-1573.03171330
-1573.05448339
-1573.06340357
-1573.08298163
-1573.08814661
-1573.10845096
-1573.12010022
-1573.14163810
-1573.15116299
-1573.16562980
-1573.16812317
-1573.18068035
-1573.18996488
-1573.20542138
-1573.21198518
-1573.22848629
-1573.23256651
-1573.24888636
-1573.25244862
-1573.26843221
-1573.26830357
-1573.27071361
-1573.28968629
-1573.29184632
-1573.30545111
-1573.30775811
-1573.31852824
-1573.32573514
-1573.33945242
-1573.34467646
-1573.36120198
-1573.36703767
-1573.37919006
-1573.38777207
-1573.40329278
-1573.41064817
-1573.43071193
-1573.43824696
-1573.45731584
-1573.46551641
-1573.48502496
-1573.48563664
-1573.50747759
-1573.51444486
-1573.53657006
-1573.54097822
-1573.56052446
-1573.56192526
-1573.58623067
-1573.59309869
-1573.61300429
-1573.62577022
-1573.65690969
-1573.66421782
-1573.68942039
-1573.69669176
-1573.72647208
-1573.72962875
-1573.73180470
-1573.75731169
-1573.76419592
-1573.79026746
-1573.78834935
-1573.79716977
-1573.82496605
-1573.83488907
-1573.86371457
-1573.86958710
-1573.90662792
-1573.91090284
-1573.93274755
-1573.93444161
-1573.95877951
-1573.96984931
-1573.99380279
-1573.99709947
-1574.01837769
-1574.02094059
-1574.04448834
-1574.05637122
-1574.07316397
-1574.09227939
-1574.11008204
-1574.12282877
-1574.14369287
-1574.15024615
-1574.17465376
-1574.18502769
-1574.20425447
-1574.20888591
-1574.23488586
-1574.24811572
-1574.26682117
-1574.28670478
-1574.30594579
-1574.32007189
-1574.33727316
-1574.34410240
-1574.36030957
-1574.37140320
-1574.39268163
-1574.40384532
-1574.42397927
-1574.43095417
-1574.45364959
-1574.46333939
-1574.48698206
-1574.48980973
-1574.49195812
-1574.51525790
-1574.53588117
-1574.56286278
-1574.57053138
-1574.59529781
-1574.60814543
-1574.63841217
-1574.65179625
-1574.67902003
-1574.68575245
-1574.70965023
-1574.71489085
-1574.74323258
-1574.75073790
-1574.77827406
-1574.79000210
-1574.81469385
-1574.82464070
-1574.84888586
-1574.85356272
-1574.87063853
-1574.88477643
-1574.91183304
-1574.91678133
-1574.91904110
-1574.94343350
-1574.94549938
-1574.96465282
-1574.96866135
-1574.98805284
-1574.99404569
-1575.01015309
-1575.01078118
-1575.02596120
-1575.02838162
-1575.04512453
-1575.04614813
-1575.04696309
-1575.06313149
-1575.06462260
-1575.07851976
-1575.08492763
-1575.09767483
-1575.09998141
-1575.10853645
-1575.11043232
-1575.11659133
-1575.12194281
-1575.12935059
-1575.13231916
-1575.13998547
-1575.14247960
-1575.14995590
-1575.15464192
-1575.16253071
-1575.16814399
-1575.17758799
-1575.18288059
-1575.19181702
-1575.19542007
-1575.20355063
-1575.20760424
-1575.21544444
-1575.22180764
-1575.23032689
-1575.23830177
-1575.23847343
-1575.24713121
-1575.25155171
-1575.26009034
-1575.26498491
-1575.27554360
-1575.27869784
-1575.28685512
-1575.28992161
-1575.29918041
-1575.30202507
-1575.31026120
-1575.31197092
-1575.32068583
-1575.32308758
-1575.33200488
-1575.33449638
-1575.34223092
-1575.34758067
-1575.35712810
-1575.36341190
-1575.37300041
-1575.37849551
-1575.39049672
-1575.39643574
-1575.40884305
-1575.41295215
-1575.42420260
-1575.42613725
-1575.43743230
-1575.43877265
-1575.44901834
-1575.45755932
-1575.46760952
-1575.47325311
-1575.48497562
-1575.48990270
-1575.49797751
-1575.50159959
-1575.50919996
-1575.51042331
-1575.51731024
-1575.51866096
-1575.52616743
-1575.52927815
-1575.53663639
-1575.54082444
-1575.54949886
-1575.55100570
-1575.56022091
-1575.56318981
-1575.57181552
-1575.57326789
-1575.58021036
-1575.58095670
-1575.58803260
-1575.58946238
-1575.59541578
-1575.59792405
-1575.60561264
-1575.60752436
-1575.61418867
-1575.61504493
-1575.62164143
-1575.62225745
-1575.62901189
-1575.63065167
-1575.63704773
-1575.64034633
-1575.64884807
-1575.65100156
-1575.65869792
-1575.65951339
-1575.66751120
-1575.66895143
-1575.67732222
-1575.67770169
-1575.68462227
-1575.68465055
-1575.69235111
-1575.69313870
-1575.70024999
-1575.70387720
-1575.71013913
-1575.71187608
-1575.71889186
-1575.72023342
-1575.72790358
-1575.72961904
-1575.73657710
-1575.73820752
-1575.74612202
-1575.74713390
-1575.75351098
-1575.75385289
-1575.76091070
-1575.76193143
-1575.76839883
-1575.76871560
-1575.77579240
-1575.77718170
-1575.78387373
-1575.78429132
-1575.78981404
-1575.78993399
-1575.79733295
-1575.79805739
-1575.80400839
-1575.80608490
-1575.81194416
-1575.81262130
-1575.81872845
-1575.81972083
-1575.82393645
-1575.82720050
-1575.83412003
-1575.83544547
-1575.84069557
-1575.84163323
-1575.84670086
-1575.84761350
-1575.85291778
-1575.85390555
-1575.85912349
-1575.86214433
-1575.86741933
-1575.87096035
-1575.87618472
-1575.87811272
-1575.88327307
-1575.88426498
-1575.88940455
-1575.89138646
-1575.89547244
-1575.89782515
-1575.90210396
-1575.90388033
-1575.90849007
-1575.91005978
-1575.91468063
-1575.91766526
-1575.92298486
-1575.92392128
-1575.92856267
-1575.92987664
-1575.93386535
-1575.93776881
-1575.94264518
-1575.94857727
-1575.94876045
-1575.95437712
-1575.95625741
-1575.96215095
-1575.96488712
-1575.97152743
-1575.97317998
-1575.97968403
-1575.98049447
-1575.98593326
-1575.98658051
-1575.99239310
-1575.99411490
-1575.99999888
-1576.00087227
-1576.00775717
-1576.00897091
-1576.01373020
-1576.01554274
-1576.01977054
-1576.02092031
-1576.02403582
-1576.02499715
-1576.02802452
-1576.03030355
-1576.03381197
-1576.03484725
-1576.03852156
-1576.03927422
-1576.04289621
-1576.04450926
-1576.04787847
-1576.05030946
-1576.05403827
-1576.05528307
-1576.05876234
-1576.05982556
-1576.06294076
-1576.06406269
-1576.06754486
-1576.06921923
-1576.07309614
-1576.07405708
-1576.07762367
-1576.07805580
-1576.08102532
-1576.08146549
-1576.08446481
-1576.08626771
-1576.08940908
-1576.08995336
-1576.09332901
-1576.09399557
-1576.09704562
-1576.09790729
-1576.10078952
-1576.10116970
-1576.10388000
-1576.10410954
-1576.10676457
-1576.10784050
-1576.11064986
-1576.11092373
-1576.11376235
-1576.11472814
-1576.11710443
-1576.11915783
-1576.12193082
-1576.12273149
-1576.12504587
-1576.12551628
-1576.12821456
-1576.12888864
-1576.13127743
-1576.13282332
-1576.13565821
-1576.13683883
-1576.13985778
-1576.14086058
-1576.14362346
-1576.14404971
-1576.14618207
-1576.14638920
-1576.14879134
-1576.14931709
-1576.15167634
-1576.15251146
-1576.15461667
-1576.15501921
-1576.15711471
-1576.15760489
-1576.15963119
-1576.16112720
-1576.16348668
-1576.16395299
-1576.16596252
-1576.16640888
-1576.16859372
-1576.16888548
-1576.17102049
-1576.17157859
-1576.17358059
-1576.17369350
-1576.17565384
-1576.17600679
-1576.17757052
-1576.17863192
-1576.18078119
-1576.18173773
-1576.18397062
