-1568.72318770
-1571.57430684
-1571.60729797
-1571.64870511
-1571.94642847
-1572.24186742
-1572.27852243
-1572.46658953
-1572.52481040
-1572.65728505
-1572.66686041
-1572.74295954
-1572.75928964
-1572.80167841
-1572.80170344
-1572.83434055
-1572.84097738
-1572.86322425
-1572.86420413
-1572.88289622
-1572.88765217
-1572.90426707
-1572.91447150
-1572.93102312
-1572.93897389
-1572.95276869
-1572.95832183
-1572.97159194
-1572.98671204
-1572.99829272
-1573.01888786
-1572.99589287
-1573.02118832
-1573.03392498
-1573.05701012
-1573.03681553
-1573.05991672
-1573.07276608
-1573.07832108
-1573.08943192
-1573.09696505
-1573.11220271
-1573.11713502
-1573.13165825
-1573.14123187
-1573.15405042
-1573.16670897
-1573.17752259
-1573.18043426
-1573.19273092
-1573.19837643
-1573.20950277
-1573.21395228
-1573.22675273
-1573.22966907
-1573.24280924
-1573.25083968
-1573.26336810
-1573.26428934
-1573.27829128
-1573.28174243
-1573.29381591
-1573.29929501
-1573.31254637
-1573.31731143
-1573.33381391
-1573.33626579
-1573.34876255
-1573.35667310
-1573.37137743
-1573.37803465
-1573.39250577
-1573.39419629
-1573.40852195
-1573.41208805
-1573.42362572
-1573.43213862
-1573.44832394
-1573.45603797
-1573.46985816
-1573.47045912
-1573.48793060
-1573.49484317
-1573.50798608
-1573.51849936
-1573.53512001
-1573.53984876
-1573.55390028
-1573.56022717
-1573.57389889
-1573.58115059
-1573.59800848
-1573.60660697
-1573.62105364
-1573.63156085
-1573.64578024
-1573.65575703
-1573.66764378
-1573.68052286
-1573.69107287
-1573.69954176
-1573.71125665
-1573.71839791
-1573.73142962
-1573.73693364
-1573.75136848
-1573.76155121
-1573.77131874
-1573.78513135
-1573.79739556
-1573.81064258
-1573.82377742
-1573.82883198
-1573.84313889
-1573.84844494
-1573.86283715
-1573.87006459
-1573.88438282
-1573.88822272
-1573.90367800
-1573.90785154
-1573.91938303
-1573.92813576
-1573.94325942
-1573.95030972
-1573.96713709
-1573.97358783
-1573.98710924
-1574.00590801
-1574.02547923
-1574.03370526
-1574.04972745
-1574.06321967
-1574.08696906
-1574.11271941
-1574.13964962
-1574.14685104
-1574.17331397
-1574.18165068
-1574.21088730
-1574.22523461
-1574.25663945
-1574.26892184
-1574.30018041
-1574.30756570
-1574.33903479
-1574.34295529
-1574.37045118
-1574.37301823
-1574.40662603
-1574.41826556
-1574.45416912
-1574.46809681
-1574.49658571
-1574.50131809
-1574.52223970
-1574.54202885
-1574.57227269
-1574.60604136
-1574.64110647
-1574.65077402
-1574.67831202
-1574.69102855
-1574.71448854
-1574.72829881
-1574.75553228
-1574.76687262
-1574.79184975
-1574.80021845
-1574.82805521
-1574.83192107
-1574.85298765
-1574.86522773
-1574.89850750
-1574.90176110
-1574.90619594
-1574.93553615
-1574.94316031
-1574.96983419
-1574.97357153
-1574.99275801
-1575.00026995
-1575.02787641
-1575.03366454
-1575.05360878
-1575.05621757
-1575.07552736
-1575.07610861
-1575.07858529
-1575.10120526
-1575.10856794
-1575.12533664
-1575.14322831
-1575.16428499
-1575.17051962
-1575.19110553
-1575.19816220
-1575.21795789
-1575.22293274
-1575.24225669
-1575.24984914
-1575.26872782
-1575.27516674
-1575.28971211
-1575.29380106
-1575.30957887
-1575.31419120
-1575.32976819
-1575.33405089
-1575.35089703
-1575.35266968
-1575.36266966
-1575.36991180
-1575.38880769
-1575.39705020
-1575.41035914
-1575.41305799
-1575.42597916
-1575.42811846
-1575.44056143
-1575.44214529
-1575.45403686
-1575.45448998
-1575.46800654
-1575.46849607
-1575.47827193
-1575.48402568
-1575.49956844
-1575.50231582
-1575.51436620
-1575.51504732
-1575.52380219
-1575.52451473
-1575.53272218
-1575.53431605
-1575.54197414
-1575.54474598
-1575.55250790
-1575.55708397
-1575.56588550
-1575.57082921
-1575.57992315
-1575.58284341
-1575.59151984
-1575.59605192
-1575.60458804
-1575.60560906
-1575.61310937
-1575.61510077
-1575.62116160
-1575.62563529
-1575.63418864
-1575.63778996
-1575.64356964
-1575.64488865
-1575.65041161
-1575.65222941
-1575.65823700
-1575.66043341
-1575.66613127
-1575.66734081
-1575.67319427
-1575.67522684
-1575.68033875
-1575.68115274
-1575.68628726
-1575.68744588
-1575.69144203
-1575.69343150
-1575.69865486
-1575.69995944
-1575.70464597
-1575.70591161
-1575.70967228
-1575.71252443
-1575.71626778
-1575.71759066
-1575.72018793
-1575.72067647
-1575.72343016
-1575.72473047
-1575.72742609
-1575.72963798
-1575.73248743
-1575.73413167
-1575.73711148
-1575.73832644
-1575.74133845
-1575.74281800
-1575.74544245
-1575.74685951
-1575.75048665
-1575.75252630
-1575.75585944
-1575.75632760
-1575.75967910
-1575.76062366
-1575.76337230
-1575.76531813
-1575.76930257
-1575.77048666
-1575.77345235
-1575.77384451
-1575.77639597
-1575.77703170
-1575.77916837
-1575.78184105
-1575.78489338
-1575.78760692
-1575.79030716
-1575.79105768
-1575.79364092
-1575.79488643
-1575.79769466
-1575.79828279
-1575.80123464
-1575.80167424
-1575.80462636
-1575.80568125
-1575.80866930
-1575.81003384
-1575.81346029
-1575.81479738
-1575.81829800
-1575.81867303
-1575.82163690
-1575.82196866
-1575.82493391
-1575.82559282
-1575.82861316
-1575.82925997
-1575.83264123
-1575.83347222
-1575.83698717
-1575.83722881
-1575.84003427
-1575.84011867
-1575.84231929
