-1567.11049129
-1568.83526460
-1569.02043862
-1569.95086518
-1571.16130699
-1571.72162772
-1571.81401043
-1572.01832561
-1572.04543170
-1572.07399594
-1572.27107068
-1572.28809066
-1572.39206676
-1572.40117935
-1572.48411584
-1572.49313560
-1572.50520701
-1572.57995287
-1572.59988709
-1572.65049214
-1572.66303382
-1572.71950623
-1572.73147064
-1572.77275881
-1572.77789781
-1572.81427663
-1572.82225167
-1572.82486781
-1572.85851486
-1572.88777991
-1572.92383042
-1572.94035438
-1572.97390524
-1572.97784897
-1572.98136527
-1573.01515030
-1573.02649718
-1573.05736376
-1573.06995173
-1573.09869752
-1573.10212449
-1573.10360374
-1573.13485550
-1573.14924842
-1573.17945843
-1573.20183666
-1573.23379733
-1573.23824959
-1573.26854362
-1573.28293177
-1573.31953839
-1573.31571074
-1573.32791147
-1573.36229042
-1573.37050442
-1573.40505720
-1573.42142290
-1573.46454098
-1573.46961701
-1573.47123227
-1573.50672785
-1573.51063082
-1573.53776683
-1573.55557711
-1573.59669237
-1573.60440340
-1573.64065423
-1573.64217448
-1573.67339242
-1573.67850429
-1573.71064094
-1573.71523220
-1573.74242475
-1573.74322383
-1573.76587050
-1573.76712342
-1573.79171603
-1573.79888448
-1573.81682467
-1573.83027313
-1573.85497728
-1573.87066640
-1573.89203236
-1573.89729164
-1573.91933393
-1573.93372080
-1573.95179307
-1573.97945294
-1574.00279066
-1574.00916074
-1574.02667773
-1574.03650910
-1574.05839536
-1574.06558785
-1574.08659307
-1574.09106582
-1574.10775439
-1574.11935830
-1574.13887539
-1574.14762711
-1574.16978367
-1574.17441833
-1574.19331121
-1574.19994512
-1574.21745521
-1574.22883524
-1574.25117233
-1574.25680856
-1574.27143749
-1574.28619303
-1574.31235245
-1574.32524669
-1574.34764591
-1574.35246419
-1574.37518448
-1574.38452065
-1574.40367554
-1574.42536728
-1574.45427741
-1574.48314797
-1574.51452506
-1574.51952066
-1574.52464641
-1574.55636367
-1574.57906675
-1574.61027148
-1574.63240136
-1574.66456730
-1574.70589493
-1574.75212065
-1574.77649512
-1574.81905940
-1574.83091685
-1574.87694632
-1574.89277242
-1574.94270671
-1574.95254591
-1574.99267701
-1574.99339423
-1575.02316964
-1575.02510891
-1575.05815178
-1575.06620143
-1575.09523774
-1575.09698710
-1575.12623940
-1575.13041147
-1575.16163282
-1575.17028761
-1575.19801479
-1575.19951742
-1575.22448152
-1575.23335915
-1575.26695508
-1575.27002041
-1575.29530071
-1575.30070644
-1575.32839403
-1575.33183732
-1575.35467886
-1575.35849678
-1575.38511565
-1575.38560489
-1575.40602520
-1575.40735253
-1575.43315570
-1575.43798649
-1575.45947907
-1575.46659000
-1575.49003643
-1575.49799087
-1575.51739554
-1575.51860484
-1575.53755645
-1575.54021806
-1575.56052052
-1575.56682743
-1575.58894583
-1575.59139552
-1575.59252215
-1575.61177777
-1575.61304964
-1575.61552526
-1575.63793840
-1575.64520168
-1575.66510026
-1575.66606694
-1575.68713000
-1575.68853023
-1575.70964574
-1575.71425231
-1575.73614247
-1575.73929998
-1575.75444666
-1575.76126949
-1575.77908871
-1575.78184767
-1575.79884715
-1575.80245304
-1575.81908851
-1575.82459250
-1575.84061042
-1575.84852705
-1575.86363098
-1575.86676372
-1575.88072082
-1575.88830240
-1575.90506512
-1575.90723985
-1575.92059494
-1575.92154661
-1575.93584617
-1575.93872810
-1575.95217570
-1575.95393859
-1575.96837865
-1575.97121571
-1575.98417873
-1575.98449381
-1575.99427281
-1575.99938689
-1576.01489673
-1576.01632729
-1576.02833936
-1576.02959214
-1576.04410685
-1576.04437830
-1576.05640207
-1576.05979932
-1576.07320918
-1576.07737815
-1576.09059799
-1576.09549599
-1576.10992020
-1576.11353871
-1576.12869272
-1576.13290646
-1576.14569900
-1576.15035852
-1576.16627312
-1576.16982086
-1576.18255667
-1576.18557665
-1576.19872621
-1576.20291650
-1576.21575811
-1576.21885966
-1576.23277887
-1576.23393543
-1576.24730203
-1576.25089772
-1576.26441078
-1576.26536494
-1576.27516266
-1576.27984799
-1576.29309103
-1576.29672427
-1576.30561290
-1576.30631840
-1576.31409242
-1576.31609277
-1576.32275230
-1576.32753000
-1576.33519991
-1576.33915325
-1576.34616980
-1576.34822746
-1576.35522222
-1576.35822385
-1576.36441496
-1576.36839176
-1576.37424124
-1576.37550139
-1576.38023808
-1576.38315618
-1576.38720914
-1576.39113023
-1576.39132998
-1576.39653773
-1576.39923627
-1576.40334909
-1576.40645073
-1576.41242131
-1576.41431298
-1576.41786272
-1576.41920656
-1576.42329021
-1576.42409676
-1576.42749553
-1576.42766002
-1576.43124702
-1576.43174269
-1576.43541946
-1576.43679762
-1576.43998214
-1576.44163846
-1576.44438950
-1576.44530387
-1576.44794634
-1576.44891368
-1576.45138398
-1576.45278063
-1576.45527173
-1576.45591318
-1576.45856286
-1576.45933439
-1576.46211023
-1576.46291229
-1576.46552191
-1576.46637742
-1576.46861137
-1576.46944532
-1576.47159953
-1576.47284383
-1576.47537059
-1576.47611040
-1576.47864110
-1576.47918246
-1576.48171328
-1576.48335353
-1576.48539555
-1576.48622047
-1576.48873670
-1576.48999307
-1576.49232088
-1576.49392894
-1576.49673585
-1576.49774978
-1576.49951352
-1576.49964109
-1576.50164499
-1576.50202582
-1576.50355055
-1576.50460209
-1576.50651601
